This is pdfTeX, Version 3.14159265-2.6-1.40.19 (TeX Live 2018) (preloaded format=pdflatex 2018.4.16)  28 MAY 2019 13:48
entering extended mode
 restricted \write18 enabled.
 file:line:error style messages enabled.
 %&-line parsing enabled.
**main.tex
(./main.tex
LaTeX2e <2018-04-01> patch level 2
Babel <3.18> and hyphenation patterns for 84 language(s) loaded.
(./acmart.cls
Document Class: acmart 2018/08/12 v1.55 Typesetting articles for the Associatio
n for Computing Machinery
(/usr/local/texlive/2018/texmf-dist/tex/latex/xkeyval/xkeyval.sty
Package: xkeyval 2014/12/03 v2.7a package option processing (HA)

(/usr/local/texlive/2018/texmf-dist/tex/generic/xkeyval/xkeyval.tex
(/usr/local/texlive/2018/texmf-dist/tex/generic/xkeyval/xkvutils.tex
\XKV@toks=\toks14
\XKV@tempa@toks=\toks15

(/usr/local/texlive/2018/texmf-dist/tex/generic/xkeyval/keyval.tex))
\XKV@depth=\count80
File: xkeyval.tex 2014/12/03 v2.7a key=value parser (HA)
))
(/usr/local/texlive/2018/texmf-dist/tex/generic/xstring/xstring.sty
(/usr/local/texlive/2018/texmf-dist/tex/generic/xstring/xstring.tex
\@xs@message=\write3
\integerpart=\count81
\decimalpart=\count82
)
Package: xstring 2013/10/13  v1.7c  String manipulations (C Tellechea)
)
Package acmart Info: Not using screen mode on input line 73.
Package acmart Info: Requiring acmthm on input line 81.
Package acmart Info: Not using review mode on input line 90.
Package acmart Info: Not using authorversion mode on input line 98.
Package acmart Info: Not using nonacm mode on input line 110.
Package acmart Info: Explicitly selecting natbib mode on input line 118.
Package acmart Info: Not using anonymous mode on input line 126.
Package acmart Info: Not using timestamp mode on input line 134.
Package acmart Info: Not using authordraft mode on input line 144.
Class acmart Info: Using format sigplan, number 6 on input line 153.
Class acmart Info: Using fontsize 10pt on input line 211.

(/usr/local/texlive/2018/texmf-dist/tex/latex/amscls/amsart.cls
Document Class: amsart 2017/10/31 v2.20.4
\linespacing=\dimen102
\normalparindent=\dimen103
\normaltopskip=\skip41
(/usr/local/texlive/2018/texmf-dist/tex/latex/amsmath/amsmath.sty
Package: amsmath 2017/09/02 v2.17a AMS math features
\@mathmargin=\skip42

For additional information on amsmath, use the `?' option.
(/usr/local/texlive/2018/texmf-dist/tex/latex/amsmath/amstext.sty
Package: amstext 2000/06/29 v2.01 AMS text

(/usr/local/texlive/2018/texmf-dist/tex/latex/amsmath/amsgen.sty
File: amsgen.sty 1999/11/30 v2.0 generic functions
\@emptytoks=\toks16
\ex@=\dimen104
))
(/usr/local/texlive/2018/texmf-dist/tex/latex/amsmath/amsbsy.sty
Package: amsbsy 1999/11/29 v1.2d Bold Symbols
\pmbraise@=\dimen105
)
(/usr/local/texlive/2018/texmf-dist/tex/latex/amsmath/amsopn.sty
Package: amsopn 2016/03/08 v2.02 operator names
)
\inf@bad=\count83
LaTeX Info: Redefining \frac on input line 213.
\uproot@=\count84
\leftroot@=\count85
LaTeX Info: Redefining \overline on input line 375.
\classnum@=\count86
\DOTSCASE@=\count87
LaTeX Info: Redefining \ldots on input line 472.
LaTeX Info: Redefining \dots on input line 475.
LaTeX Info: Redefining \cdots on input line 596.
\Mathstrutbox@=\box26
\strutbox@=\box27
\big@size=\dimen106
LaTeX Font Info:    Redeclaring font encoding OML on input line 712.
LaTeX Font Info:    Redeclaring font encoding OMS on input line 713.
\macc@depth=\count88
\c@MaxMatrixCols=\count89
\dotsspace@=\muskip10
\c@parentequation=\count90
\dspbrk@lvl=\count91
\tag@help=\toks17
\row@=\count92
\column@=\count93
\maxfields@=\count94
\andhelp@=\toks18
\eqnshift@=\dimen107
\alignsep@=\dimen108
\tagshift@=\dimen109
\tagwidth@=\dimen110
\totwidth@=\dimen111
\lineht@=\dimen112
\@envbody=\toks19
\multlinegap=\skip43
\multlinetaggap=\skip44
\mathdisplay@stack=\toks20
LaTeX Info: Redefining \[ on input line 2817.
LaTeX Info: Redefining \] on input line 2818.
)
LaTeX Font Info:    Try loading font information for U+msa on input line 398.

(/usr/local/texlive/2018/texmf-dist/tex/latex/amsfonts/umsa.fd
File: umsa.fd 2013/01/14 v3.01 AMS symbols A
)
(/usr/local/texlive/2018/texmf-dist/tex/latex/amsfonts/amsfonts.sty
Package: amsfonts 2013/01/14 v3.01 Basic AMSFonts support
\symAMSa=\mathgroup4
\symAMSb=\mathgroup5
LaTeX Font Info:    Overwriting math alphabet `\mathfrak' in version `bold'
(Font)                  U/euf/m/n --> U/euf/b/n on input line 106.
)
\copyins=\insert199
\abstractbox=\box28
\listisep=\skip45
\c@part=\count95
\c@section=\count96
\c@subsection=\count97
\c@subsubsection=\count98
\c@paragraph=\count99
\c@subparagraph=\count100
\c@figure=\count101
\c@table=\count102
\abovecaptionskip=\skip46
\belowcaptionskip=\skip47
\captionindent=\dimen113
\thm@style=\toks21
\thm@bodyfont=\toks22
\thm@headfont=\toks23
\thm@notefont=\toks24
\thm@headpunct=\toks25
\thm@preskip=\skip48
\thm@postskip=\skip49
\thm@headsep=\skip50
\dth@everypar=\toks26
)
(/usr/local/texlive/2018/texmf-dist/tex/latex/microtype/microtype.sty
Package: microtype 2018/01/14 v2.7a Micro-typographical refinements (RS)
\MT@toks=\toks27
\MT@count=\count103
LaTeX Info: Redefining \textls on input line 793.
\MT@outer@kern=\dimen114
LaTeX Info: Redefining \textmicrotypecontext on input line 1339.
\MT@listname@count=\count104

(/usr/local/texlive/2018/texmf-dist/tex/latex/microtype/microtype-pdftex.def
File: microtype-pdftex.def 2018/01/14 v2.7a Definitions specific to pdftex (RS)

LaTeX Info: Redefining \lsstyle on input line 913.
LaTeX Info: Redefining \lslig on input line 913.
\MT@outer@space=\skip51
)
Package microtype Info: Loading configuration file microtype.cfg.

(/usr/local/texlive/2018/texmf-dist/tex/latex/microtype/microtype.cfg
File: microtype.cfg 2018/01/14 v2.7a microtype main configuration file (RS)
))
(/usr/local/texlive/2018/texmf-dist/tex/latex/etoolbox/etoolbox.sty
Package: etoolbox 2018/02/11 v2.5e e-TeX tools for LaTeX (JAW)
\etb@tempcnta=\count105
)
(/usr/local/texlive/2018/texmf-dist/tex/latex/oberdiek/refcount.sty
Package: refcount 2016/05/16 v3.5 Data extraction from label references (HO)

(/usr/local/texlive/2018/texmf-dist/tex/generic/oberdiek/ltxcmds.sty
Package: ltxcmds 2016/05/16 v1.23 LaTeX kernel commands for general use (HO)
)
(/usr/local/texlive/2018/texmf-dist/tex/generic/oberdiek/infwarerr.sty
Package: infwarerr 2016/05/16 v1.4 Providing info/warning/error messages (HO)
))
(/usr/local/texlive/2018/texmf-dist/tex/latex/totpages/totpages.sty
Package: totpages 2005/09/19 v2.00 Totpages Package (muewi)

(/usr/local/texlive/2018/texmf-dist/tex/latex/ms/everyshi.sty
Package: everyshi 2001/05/15 v3.00 EveryShipout Package (MS)
))
(/usr/local/texlive/2018/texmf-dist/tex/latex/environ/environ.sty
Package: environ 2014/05/04 v0.3 A new way to define environments

(/usr/local/texlive/2018/texmf-dist/tex/latex/trimspaces/trimspaces.sty
Package: trimspaces 2009/09/17 v1.1 Trim spaces around a token list
))
(/usr/local/texlive/2018/texmf-dist/tex/latex/textcase/textcase.sty
Package: textcase 2004/10/07 v0.07 Text only upper/lower case changing (DPC)
)
(/usr/local/texlive/2018/texmf-dist/tex/latex/natbib/natbib.sty
Package: natbib 2010/09/13 8.31b (PWD, AO)
\bibhang=\skip52
\bibsep=\skip53
LaTeX Info: Redefining \cite on input line 694.
\c@NAT@ctr=\count106
)
(/usr/local/texlive/2018/texmf-dist/tex/latex/hyperref/hyperref.sty
Package: hyperref 2018/02/06 v6.86b Hypertext links for LaTeX

(/usr/local/texlive/2018/texmf-dist/tex/generic/oberdiek/hobsub-hyperref.sty
Package: hobsub-hyperref 2016/05/16 v1.14 Bundle oberdiek, subset hyperref (HO)


(/usr/local/texlive/2018/texmf-dist/tex/generic/oberdiek/hobsub-generic.sty
Package: hobsub-generic 2016/05/16 v1.14 Bundle oberdiek, subset generic (HO)
Package: hobsub 2016/05/16 v1.14 Construct package bundles (HO)
Package hobsub Info: Skipping package `infwarerr' (already loaded).
Package hobsub Info: Skipping package `ltxcmds' (already loaded).
Package: ifluatex 2016/05/16 v1.4 Provides the ifluatex switch (HO)
Package ifluatex Info: LuaTeX not detected.
Package: ifvtex 2016/05/16 v1.6 Detect VTeX and its facilities (HO)
Package ifvtex Info: VTeX not detected.
Package: intcalc 2016/05/16 v1.2 Expandable calculations with integers (HO)
Package: ifpdf 2017/03/15 v3.2 Provides the ifpdf switch
Package: etexcmds 2016/05/16 v1.6 Avoid name clashes with e-TeX commands (HO)
Package etexcmds Info: Could not find \expanded.
(etexcmds)             That can mean that you are not using pdfTeX 1.50 or
(etexcmds)             that some package has redefined \expanded.
(etexcmds)             In the latter case, load this package earlier.
Package: kvsetkeys 2016/05/16 v1.17 Key value parser (HO)
Package: kvdefinekeys 2016/05/16 v1.4 Define keys (HO)
Package: pdftexcmds 2018/01/30 v0.27 Utility functions of pdfTeX for LuaTeX (HO
)
Package pdftexcmds Info: LuaTeX not detected.
Package pdftexcmds Info: \pdf@primitive is available.
Package pdftexcmds Info: \pdf@ifprimitive is available.
Package pdftexcmds Info: \pdfdraftmode found.
Package: pdfescape 2016/05/16 v1.14 Implements pdfTeX's escape features (HO)
Package: bigintcalc 2016/05/16 v1.4 Expandable calculations on big integers (HO
)
Package: bitset 2016/05/16 v1.2 Handle bit-vector datatype (HO)
Package: uniquecounter 2016/05/16 v1.3 Provide unlimited unique counter (HO)
)
Package hobsub Info: Skipping package `hobsub' (already loaded).
Package: letltxmacro 2016/05/16 v1.5 Let assignment for LaTeX macros (HO)
Package: hopatch 2016/05/16 v1.3 Wrapper for package hooks (HO)
Package: xcolor-patch 2016/05/16 xcolor patch
Package: atveryend 2016/05/16 v1.9 Hooks at the very end of document (HO)
Package: atbegshi 2016/06/09 v1.18 At begin shipout hook (HO)
Package hobsub Info: Skipping package `refcount' (already loaded).
Package: hycolor 2016/05/16 v1.8 Color options for hyperref/bookmark (HO)
)
(/usr/local/texlive/2018/texmf-dist/tex/generic/ifxetex/ifxetex.sty
Package: ifxetex 2010/09/12 v0.6 Provides ifxetex conditional
)
(/usr/local/texlive/2018/texmf-dist/tex/latex/oberdiek/auxhook.sty
Package: auxhook 2016/05/16 v1.4 Hooks for auxiliary files (HO)
)
(/usr/local/texlive/2018/texmf-dist/tex/latex/oberdiek/kvoptions.sty
Package: kvoptions 2016/05/16 v3.12 Key value format for package options (HO)
)
\@linkdim=\dimen115
\Hy@linkcounter=\count107
\Hy@pagecounter=\count108

(/usr/local/texlive/2018/texmf-dist/tex/latex/hyperref/pd1enc.def
File: pd1enc.def 2018/02/06 v6.86b Hyperref: PDFDocEncoding definition (HO)
Now handling font encoding PD1 ...
... no UTF-8 mapping file for font encoding PD1
)
\Hy@SavedSpaceFactor=\count109

(/usr/local/texlive/2018/texmf-dist/tex/latex/latexconfig/hyperref.cfg
File: hyperref.cfg 2002/06/06 v1.2 hyperref configuration of TeXLive
)
Package hyperref Info: Option `bookmarksnumbered' set `true' on input line 4383
.
Package hyperref Info: Option `unicode' set `true' on input line 4383.

(/usr/local/texlive/2018/texmf-dist/tex/latex/hyperref/puenc.def
File: puenc.def 2018/02/06 v6.86b Hyperref: PDF Unicode definition (HO)
Now handling font encoding PU ...
... no UTF-8 mapping file for font encoding PU
)
Package hyperref Info: Hyper figures OFF on input line 4509.
Package hyperref Info: Link nesting OFF on input line 4514.
Package hyperref Info: Hyper index ON on input line 4517.
Package hyperref Info: Plain pages OFF on input line 4524.
Package hyperref Info: Backreferencing OFF on input line 4529.
Package hyperref Info: Implicit mode ON; LaTeX internals redefined.
Package hyperref Info: Bookmarks ON on input line 4762.
\c@Hy@tempcnt=\count110

(/usr/local/texlive/2018/texmf-dist/tex/latex/url/url.sty
\Urlmuskip=\muskip11
Package: url 2013/09/16  ver 3.4  Verb mode for urls, etc.
)
LaTeX Info: Redefining \url on input line 5115.
\XeTeXLinkMargin=\dimen116
\Fld@menulength=\count111
\Field@Width=\dimen117
\Fld@charsize=\dimen118
Package hyperref Info: Hyper figures OFF on input line 6369.
Package hyperref Info: Link nesting OFF on input line 6374.
Package hyperref Info: Hyper index ON on input line 6377.
Package hyperref Info: backreferencing OFF on input line 6384.
Package hyperref Info: Link coloring OFF on input line 6389.
Package hyperref Info: Link coloring with OCG OFF on input line 6394.
Package hyperref Info: PDF/A mode OFF on input line 6399.
LaTeX Info: Redefining \ref on input line 6439.
LaTeX Info: Redefining \pageref on input line 6443.
\Hy@abspage=\count112
\c@Item=\count113
\c@Hfootnote=\count114
)
Package hyperref Info: Driver (autodetected): hpdftex.

(/usr/local/texlive/2018/texmf-dist/tex/latex/hyperref/hpdftex.def
File: hpdftex.def 2018/02/06 v6.86b Hyperref driver for pdfTeX
\Fld@listcount=\count115
\c@bookmark@seq@number=\count116

(/usr/local/texlive/2018/texmf-dist/tex/latex/oberdiek/rerunfilecheck.sty
Package: rerunfilecheck 2016/05/16 v1.8 Rerun checks for auxiliary files (HO)
Package uniquecounter Info: New unique counter `rerunfilecheck' on input line 2
82.
)
\Hy@SectionHShift=\skip54
)
(/usr/local/texlive/2018/texmf-dist/tex/latex/graphics/graphicx.sty
Package: graphicx 2017/06/01 v1.1a Enhanced LaTeX Graphics (DPC,SPQR)

(/usr/local/texlive/2018/texmf-dist/tex/latex/graphics/graphics.sty
Package: graphics 2017/06/25 v1.2c Standard LaTeX Graphics (DPC,SPQR)

(/usr/local/texlive/2018/texmf-dist/tex/latex/graphics/trig.sty
Package: trig 2016/01/03 v1.10 sin cos tan (DPC)
)
(/usr/local/texlive/2018/texmf-dist/tex/latex/graphics-cfg/graphics.cfg
File: graphics.cfg 2016/06/04 v1.11 sample graphics configuration
)
Package graphics Info: Driver file: pdftex.def on input line 99.

(/usr/local/texlive/2018/texmf-dist/tex/latex/graphics-def/pdftex.def
File: pdftex.def 2018/01/08 v1.0l Graphics/color driver for pdftex
))
\Gin@req@height=\dimen119
\Gin@req@width=\dimen120
)
(/usr/local/texlive/2018/texmf-dist/tex/latex/xcolor/xcolor.sty
Package: xcolor 2016/05/11 v2.12 LaTeX color extensions (UK)

(/usr/local/texlive/2018/texmf-dist/tex/latex/graphics-cfg/color.cfg
File: color.cfg 2016/01/02 v1.6 sample color configuration
)
Package xcolor Info: Driver file: pdftex.def on input line 225.
Package xcolor Info: Model `cmy' substituted by `cmy0' on input line 1348.
Package xcolor Info: Model `hsb' substituted by `rgb' on input line 1352.
Package xcolor Info: Model `RGB' extended on input line 1364.
Package xcolor Info: Model `HTML' substituted by `rgb' on input line 1366.
Package xcolor Info: Model `Hsb' substituted by `hsb' on input line 1367.
Package xcolor Info: Model `tHsb' substituted by `hsb' on input line 1368.
Package xcolor Info: Model `HSB' substituted by `hsb' on input line 1369.
Package xcolor Info: Model `Gray' substituted by `gray' on input line 1370.
Package xcolor Info: Model `wave' substituted by `hsb' on input line 1371.

(/usr/local/texlive/2018/texmf-dist/tex/latex/graphics/dvipsnam.def
File: dvipsnam.def 2016/06/17 v3.0m Driver-dependent file (DPC,SPQR)
))
(/usr/local/texlive/2018/texmf-dist/tex/latex/geometry/geometry.sty
Package: geometry 2018/03/24 v5.7 Page Geometry
\Gm@cnth=\count117
\Gm@cntv=\count118
\c@Gm@tempcnt=\count119
\Gm@bindingoffset=\dimen121
\Gm@wd@mp=\dimen122
\Gm@odd@mp=\dimen123
\Gm@even@mp=\dimen124
\Gm@layoutwidth=\dimen125
\Gm@layoutheight=\dimen126
\Gm@layouthoffset=\dimen127
\Gm@layoutvoffset=\dimen128
\Gm@dimlist=\toks28
)
(/usr/local/texlive/2018/texmf-dist/tex/latex/ncctools/manyfoot.sty
Package: manyfoot 2005/09/11 v1.10 Many Footnote Levels Package (NCC)

(/usr/local/texlive/2018/texmf-dist/tex/latex/ncctools/nccfoots.sty
Package: nccfoots 2005/02/03 v1.2 NCC Footnotes Package (NCC)
)
\MFL@columnwidth=\dimen129
)
\footinsauthorsaddresses=\insert198
\c@footnoteauthorsaddresses=\count120
\footinscopyrightpermission=\insert197
\c@footnotecopyrightpermission=\count121

(/usr/local/texlive/2018/texmf-dist/tex/generic/iftex/iftex.sty
Package: iftex 2013/04/04 v0.2 Provides if(tex) conditional for PDFTeX, XeTeX, 
and LuaTeX
)
(/usr/local/texlive/2018/texmf-dist/tex/generic/pdftex/glyphtounicode.tex)
(/usr/local/texlive/2018/texmf-dist/tex/latex/cmap/cmap.sty
Package: cmap 2008/03/06 v1.0h CMap support: searchable PDF
)
(/usr/local/texlive/2018/texmf-dist/tex/latex/base/fontenc.sty
Package: fontenc 2017/04/05 v2.0i Standard LaTeX package

(/usr/local/texlive/2018/texmf-dist/tex/latex/base/t1enc.def
File: t1enc.def 2017/04/05 v2.0i Standard LaTeX file
LaTeX Font Info:    Redeclaring font encoding T1 on input line 48.
)<<t1.cmap>>)
(/usr/local/texlive/2018/texmf-dist/tex/latex/libertine/libertine.sty
Package: libertine 2018/01/03 (Bob Tennent) Supports Libertine and Biolinum fon
ts for all LaTeX engines.

(/usr/local/texlive/2018/texmf-dist/tex/latex/base/textcomp.sty
Package: textcomp 2017/04/05 v2.0i Standard LaTeX package
Package textcomp Info: Sub-encoding information:
(textcomp)               5 = only ISO-Adobe without \textcurrency
(textcomp)               4 = 5 + \texteuro
(textcomp)               3 = 4 + \textohm
(textcomp)               2 = 3 + \textestimated + \textcurrency
(textcomp)               1 = TS1 - \textcircled - \t
(textcomp)               0 = TS1 (full)
(textcomp)             Font families with sub-encoding setting implement
(textcomp)             only a restricted character set as indicated.
(textcomp)             Family '?' is the default used for unknown fonts.
(textcomp)             See the documentation for details.
Package textcomp Info: Setting ? sub-encoding to TS1/1 on input line 79.

(/usr/local/texlive/2018/texmf-dist/tex/latex/base/ts1enc.def
File: ts1enc.def 2001/06/05 v3.0e (jk/car/fm) Standard LaTeX file
Now handling font encoding TS1 ...
... processing UTF-8 mapping file for font encoding TS1

(/usr/local/texlive/2018/texmf-dist/tex/latex/base/ts1enc.dfu
File: ts1enc.dfu 2018/04/05 v1.2c UTF-8 support for inputenc
   defining Unicode char U+00A2 (decimal 162)
   defining Unicode char U+00A3 (decimal 163)
   defining Unicode char U+00A4 (decimal 164)
   defining Unicode char U+00A5 (decimal 165)
   defining Unicode char U+00A6 (decimal 166)
   defining Unicode char U+00A7 (decimal 167)
   defining Unicode char U+00A8 (decimal 168)
   defining Unicode char U+00A9 (decimal 169)
   defining Unicode char U+00AA (decimal 170)
   defining Unicode char U+00AC (decimal 172)
   defining Unicode char U+00AE (decimal 174)
   defining Unicode char U+00AF (decimal 175)
   defining Unicode char U+00B0 (decimal 176)
   defining Unicode char U+00B1 (decimal 177)
   defining Unicode char U+00B2 (decimal 178)
   defining Unicode char U+00B3 (decimal 179)
   defining Unicode char U+00B4 (decimal 180)
   defining Unicode char U+00B5 (decimal 181)
   defining Unicode char U+00B6 (decimal 182)
   defining Unicode char U+00B7 (decimal 183)
   defining Unicode char U+00B9 (decimal 185)
   defining Unicode char U+00BA (decimal 186)
   defining Unicode char U+00BC (decimal 188)
   defining Unicode char U+00BD (decimal 189)
   defining Unicode char U+00BE (decimal 190)
   defining Unicode char U+00D7 (decimal 215)
   defining Unicode char U+00F7 (decimal 247)
   defining Unicode char U+0192 (decimal 402)
   defining Unicode char U+02C7 (decimal 711)
   defining Unicode char U+02D8 (decimal 728)
   defining Unicode char U+02DD (decimal 733)
   defining Unicode char U+0E3F (decimal 3647)
   defining Unicode char U+2016 (decimal 8214)
   defining Unicode char U+2020 (decimal 8224)
   defining Unicode char U+2021 (decimal 8225)
   defining Unicode char U+2022 (decimal 8226)
   defining Unicode char U+2030 (decimal 8240)
   defining Unicode char U+2031 (decimal 8241)
   defining Unicode char U+203B (decimal 8251)
   defining Unicode char U+203D (decimal 8253)
   defining Unicode char U+2044 (decimal 8260)
   defining Unicode char U+204E (decimal 8270)
   defining Unicode char U+2052 (decimal 8274)
   defining Unicode char U+20A1 (decimal 8353)
   defining Unicode char U+20A4 (decimal 8356)
   defining Unicode char U+20A6 (decimal 8358)
   defining Unicode char U+20A9 (decimal 8361)
   defining Unicode char U+20AB (decimal 8363)
   defining Unicode char U+20AC (decimal 8364)
   defining Unicode char U+20B1 (decimal 8369)
   defining Unicode char U+2103 (decimal 8451)
   defining Unicode char U+2116 (decimal 8470)
   defining Unicode char U+2117 (decimal 8471)
   defining Unicode char U+211E (decimal 8478)
   defining Unicode char U+2120 (decimal 8480)
   defining Unicode char U+2122 (decimal 8482)
   defining Unicode char U+2126 (decimal 8486)
   defining Unicode char U+2127 (decimal 8487)
   defining Unicode char U+212E (decimal 8494)
   defining Unicode char U+2190 (decimal 8592)
   defining Unicode char U+2191 (decimal 8593)
   defining Unicode char U+2192 (decimal 8594)
   defining Unicode char U+2193 (decimal 8595)
   defining Unicode char U+2329 (decimal 9001)
   defining Unicode char U+232A (decimal 9002)
   defining Unicode char U+2422 (decimal 9250)
   defining Unicode char U+25E6 (decimal 9702)
   defining Unicode char U+25EF (decimal 9711)
   defining Unicode char U+266A (decimal 9834)
   defining Unicode char U+FEFF (decimal 65279)
))
LaTeX Info: Redefining \oldstylenums on input line 334.
Package textcomp Info: Setting cmr sub-encoding to TS1/0 on input line 349.
Package textcomp Info: Setting cmss sub-encoding to TS1/0 on input line 350.
Package textcomp Info: Setting cmtt sub-encoding to TS1/0 on input line 351.
Package textcomp Info: Setting cmvtt sub-encoding to TS1/0 on input line 352.
Package textcomp Info: Setting cmbr sub-encoding to TS1/0 on input line 353.
Package textcomp Info: Setting cmtl sub-encoding to TS1/0 on input line 354.
Package textcomp Info: Setting ccr sub-encoding to TS1/0 on input line 355.
Package textcomp Info: Setting ptm sub-encoding to TS1/4 on input line 356.
Package textcomp Info: Setting pcr sub-encoding to TS1/4 on input line 357.
Package textcomp Info: Setting phv sub-encoding to TS1/4 on input line 358.
Package textcomp Info: Setting ppl sub-encoding to TS1/3 on input line 359.
Package textcomp Info: Setting pag sub-encoding to TS1/4 on input line 360.
Package textcomp Info: Setting pbk sub-encoding to TS1/4 on input line 361.
Package textcomp Info: Setting pnc sub-encoding to TS1/4 on input line 362.
Package textcomp Info: Setting pzc sub-encoding to TS1/4 on input line 363.
Package textcomp Info: Setting bch sub-encoding to TS1/4 on input line 364.
Package textcomp Info: Setting put sub-encoding to TS1/5 on input line 365.
Package textcomp Info: Setting uag sub-encoding to TS1/5 on input line 366.
Package textcomp Info: Setting ugq sub-encoding to TS1/5 on input line 367.
Package textcomp Info: Setting ul8 sub-encoding to TS1/4 on input line 368.
Package textcomp Info: Setting ul9 sub-encoding to TS1/4 on input line 369.
Package textcomp Info: Setting augie sub-encoding to TS1/5 on input line 370.
Package textcomp Info: Setting dayrom sub-encoding to TS1/3 on input line 371.
Package textcomp Info: Setting dayroms sub-encoding to TS1/3 on input line 372.

Package textcomp Info: Setting pxr sub-encoding to TS1/0 on input line 373.
Package textcomp Info: Setting pxss sub-encoding to TS1/0 on input line 374.
Package textcomp Info: Setting pxtt sub-encoding to TS1/0 on input line 375.
Package textcomp Info: Setting txr sub-encoding to TS1/0 on input line 376.
Package textcomp Info: Setting txss sub-encoding to TS1/0 on input line 377.
Package textcomp Info: Setting txtt sub-encoding to TS1/0 on input line 378.
Package textcomp Info: Setting lmr sub-encoding to TS1/0 on input line 379.
Package textcomp Info: Setting lmdh sub-encoding to TS1/0 on input line 380.
Package textcomp Info: Setting lmss sub-encoding to TS1/0 on input line 381.
Package textcomp Info: Setting lmssq sub-encoding to TS1/0 on input line 382.
Package textcomp Info: Setting lmvtt sub-encoding to TS1/0 on input line 383.
Package textcomp Info: Setting lmtt sub-encoding to TS1/0 on input line 384.
Package textcomp Info: Setting qhv sub-encoding to TS1/0 on input line 385.
Package textcomp Info: Setting qag sub-encoding to TS1/0 on input line 386.
Package textcomp Info: Setting qbk sub-encoding to TS1/0 on input line 387.
Package textcomp Info: Setting qcr sub-encoding to TS1/0 on input line 388.
Package textcomp Info: Setting qcs sub-encoding to TS1/0 on input line 389.
Package textcomp Info: Setting qpl sub-encoding to TS1/0 on input line 390.
Package textcomp Info: Setting qtm sub-encoding to TS1/0 on input line 391.
Package textcomp Info: Setting qzc sub-encoding to TS1/0 on input line 392.
Package textcomp Info: Setting qhvc sub-encoding to TS1/0 on input line 393.
Package textcomp Info: Setting futs sub-encoding to TS1/4 on input line 394.
Package textcomp Info: Setting futx sub-encoding to TS1/4 on input line 395.
Package textcomp Info: Setting futj sub-encoding to TS1/4 on input line 396.
Package textcomp Info: Setting hlh sub-encoding to TS1/3 on input line 397.
Package textcomp Info: Setting hls sub-encoding to TS1/3 on input line 398.
Package textcomp Info: Setting hlst sub-encoding to TS1/3 on input line 399.
Package textcomp Info: Setting hlct sub-encoding to TS1/5 on input line 400.
Package textcomp Info: Setting hlx sub-encoding to TS1/5 on input line 401.
Package textcomp Info: Setting hlce sub-encoding to TS1/5 on input line 402.
Package textcomp Info: Setting hlcn sub-encoding to TS1/5 on input line 403.
Package textcomp Info: Setting hlcw sub-encoding to TS1/5 on input line 404.
Package textcomp Info: Setting hlcf sub-encoding to TS1/5 on input line 405.
Package textcomp Info: Setting pplx sub-encoding to TS1/3 on input line 406.
Package textcomp Info: Setting pplj sub-encoding to TS1/3 on input line 407.
Package textcomp Info: Setting ptmx sub-encoding to TS1/4 on input line 408.
Package textcomp Info: Setting ptmj sub-encoding to TS1/4 on input line 409.
)
(/usr/local/texlive/2018/texmf-dist/tex/latex/mweights/mweights.sty
Package: mweights 2017/03/30 (Bob Tennent) Support package for multiple-weight 
font packages. 
LaTeX Info: Redefining \bfseries on input line 22.
LaTeX Info: Redefining \mdseries on input line 30.
LaTeX Info: Redefining \rmfamily on input line 38.
LaTeX Info: Redefining \sffamily on input line 66.
LaTeX Info: Redefining \ttfamily on input line 94.
)
(/usr/local/texlive/2018/texmf-dist/tex/latex/base/fontenc.sty
Package: fontenc 2017/04/05 v2.0i Standard LaTeX package
)
(/usr/local/texlive/2018/texmf-dist/tex/latex/fontaxes/fontaxes.sty
Package: fontaxes 2014/03/23 v1.0d Font selection axes
LaTeX Info: Redefining \upshape on input line 29.
LaTeX Info: Redefining \itshape on input line 31.
LaTeX Info: Redefining \slshape on input line 33.
LaTeX Info: Redefining \scshape on input line 37.
)
LaTeX Info: Redefining \oldstylenums on input line 490.

(/usr/local/texlive/2018/texmf-dist/tex/latex/libertine/LinLibertine_I.tex))
(/usr/local/texlive/2018/texmf-dist/tex/latex/inconsolata/zi4.sty
Package: zi4 2017/01/04 v1.112

`inconsolata-zi4' v1.112, 2017/01/04 Text macros for Inconsolata (msharpe)
\zifour@ocount=\count122
)
(/usr/local/texlive/2018/texmf-dist/tex/latex/newtx/newtxmath.sty
Package: newtxmath 2017/12/14 v1.53

`newtxmath' v1.53, 2017/12/14 Math macros based on txfonts (msharpe)
(/usr/local/texlive/2018/texmf-dist/tex/latex/oberdiek/centernot.sty
Package: centernot 2016/05/16 v1.4 Centers the not symbol horizontally (HO)
)
(/usr/local/texlive/2018/texmf-dist/tex/generic/kastrup/binhex.tex)
\tx@Isdigit=\count123
LaTeX Font Info:    Redeclaring symbol font `operators' on input line 156.
LaTeX Font Info:    Overwriting symbol font `operators' in version `normal'
(Font)                  OT1/cmr/m/n --> OT1/LinuxLibertineT-TLF/m/n on input li
ne 156.
LaTeX Font Info:    Overwriting symbol font `operators' in version `bold'
(Font)                  OT1/cmr/bx/n --> OT1/LinuxLibertineT-TLF/m/n on input l
ine 156.
LaTeX Font Info:    Overwriting symbol font `operators' in version `bold'
(Font)                  OT1/LinuxLibertineT-TLF/m/n --> OT1/LinuxLibertineT-TLF
/sb/n on input line 157.
LaTeX Font Info:    Redeclaring math alphabet \mathsf on input line 163.
LaTeX Font Info:    Overwriting math alphabet `\mathsf' in version `normal'
(Font)                  OT1/cmss/m/n --> T1/LinuxBiolinumT-TLF/m/n on input lin
e 163.
LaTeX Font Info:    Overwriting math alphabet `\mathsf' in version `bold'
(Font)                  OT1/cmss/bx/n --> T1/LinuxBiolinumT-TLF/m/n on input li
ne 163.
LaTeX Font Info:    Redeclaring math alphabet \mathit on input line 164.
LaTeX Font Info:    Overwriting math alphabet `\mathit' in version `normal'
(Font)                  OT1/cmr/m/it --> OT1/LinuxLibertineT-TLF/m/it on input 
line 164.
LaTeX Font Info:    Overwriting math alphabet `\mathit' in version `bold'
(Font)                  OT1/cmr/bx/it --> OT1/LinuxLibertineT-TLF/m/it on input
 line 164.
LaTeX Font Info:    Redeclaring math alphabet \mathtt on input line 165.
LaTeX Font Info:    Overwriting math alphabet `\mathtt' in version `normal'
(Font)                  OT1/cmtt/m/n --> T1/zi4/m/n on input line 165.
LaTeX Font Info:    Overwriting math alphabet `\mathtt' in version `bold'
(Font)                  OT1/cmtt/m/n --> T1/zi4/m/n on input line 165.
LaTeX Font Info:    Redeclaring math alphabet \mathbf on input line 167.
LaTeX Font Info:    Overwriting math alphabet `\mathbf' in version `normal'
(Font)                  OT1/cmr/bx/n --> OT1/LinuxLibertineT-TLF/sb/n on input 
line 167.
LaTeX Font Info:    Overwriting math alphabet `\mathbf' in version `bold'
(Font)                  OT1/cmr/bx/n --> OT1/LinuxLibertineT-TLF/sb/n on input 
line 167.
LaTeX Font Info:    Overwriting math alphabet `\mathit' in version `bold'
(Font)                  OT1/LinuxLibertineT-TLF/m/it --> OT1/LinuxLibertineT-TL
F/sb/it on input line 168.
LaTeX Font Info:    Overwriting math alphabet `\mathsf' in version `bold'
(Font)                  T1/LinuxBiolinumT-TLF/m/n --> T1/LinuxBiolinumT-TLF/b/n
 on input line 169.
LaTeX Font Info:    Overwriting math alphabet `\mathtt' in version `bold'
(Font)                  T1/zi4/m/n --> T1/zi4/b/n on input line 170.
LaTeX Font Info:    Redeclaring symbol font `letters' on input line 182.
LaTeX Font Info:    Overwriting symbol font `letters' in version `normal'
(Font)                  OML/cmm/m/it --> OML/nxlmi/m/it on input line 182.
LaTeX Font Info:    Overwriting symbol font `letters' in version `bold'
(Font)                  OML/cmm/b/it --> OML/nxlmi/m/it on input line 182.
LaTeX Font Info:    Overwriting symbol font `letters' in version `bold'
(Font)                  OML/nxlmi/m/it --> OML/nxlmi/b/it on input line 183.
\symlettersA=\mathgroup6
LaTeX Font Info:    Overwriting symbol font `lettersA' in version `bold'
(Font)                  U/ntxmia/m/it --> U/ntxmia/b/it on input line 238.
LaTeX Font Info:    Redeclaring math alphabet \mathfrak on input line 240.
Now handling font encoding LMS ...
... no UTF-8 mapping file for font encoding LMS
LaTeX Font Info:    Redeclaring symbol font `symbols' on input line 259.
LaTeX Font Info:    Encoding `OMS' has changed to `LMS' for symbol font
(Font)              `symbols' in the math version `normal' on input line 259.
LaTeX Font Info:    Overwriting symbol font `symbols' in version `normal'
(Font)                  OMS/cmsy/m/n --> LMS/ntxsy/m/n on input line 259.
LaTeX Font Info:    Encoding `OMS' has changed to `LMS' for symbol font
(Font)              `symbols' in the math version `bold' on input line 259.
LaTeX Font Info:    Overwriting symbol font `symbols' in version `bold'
(Font)                  OMS/cmsy/b/n --> LMS/ntxsy/m/n on input line 259.
LaTeX Font Info:    Overwriting symbol font `symbols' in version `bold'
(Font)                  LMS/ntxsy/m/n --> LMS/ntxsy/b/n on input line 260.
\symAMSm=\mathgroup7
LaTeX Font Info:    Overwriting symbol font `AMSm' in version `bold'
(Font)                  U/ntxsym/m/n --> U/ntxsym/b/n on input line 283.
\symsymbolsC=\mathgroup8
LaTeX Font Info:    Overwriting symbol font `symbolsC' in version `bold'
(Font)                  U/ntxsyc/m/n --> U/ntxsyc/b/n on input line 304.
Now handling font encoding LMX ...
... no UTF-8 mapping file for font encoding LMX
LaTeX Font Info:    Redeclaring symbol font `largesymbols' on input line 317.
LaTeX Font Info:    Encoding `OMX' has changed to `LMX' for symbol font
(Font)              `largesymbols' in the math version `normal' on input line 3
17.
LaTeX Font Info:    Overwriting symbol font `largesymbols' in version `normal'
(Font)                  OMX/cmex/m/n --> LMX/ntxexx/m/n on input line 317.
LaTeX Font Info:    Encoding `OMX' has changed to `LMX' for symbol font
(Font)              `largesymbols' in the math version `bold' on input line 317
.
LaTeX Font Info:    Overwriting symbol font `largesymbols' in version `bold'
(Font)                  OMX/cmex/m/n --> LMX/ntxexx/m/n on input line 317.
LaTeX Font Info:    Overwriting symbol font `largesymbols' in version `bold'
(Font)                  LMX/ntxexx/m/n --> LMX/ntxexx/b/n on input line 318.
\symlargesymbolsTXA=\mathgroup9
LaTeX Font Info:    Overwriting symbol font `largesymbolsTXA' in version `bold'

(Font)                  U/ntxexa/m/n --> U/ntxexa/b/n on input line 332.
LaTeX Font Info:    Redeclaring math delimiter \lgroup on input line 503.
LaTeX Font Info:    Redeclaring math delimiter \rgroup on input line 504.
LaTeX Font Info:    Redeclaring math delimiter \lmoustache on input line 505.
LaTeX Font Info:    Redeclaring math delimiter \rmoustache on input line 506.
LaTeX Font Info:    Redeclaring math delimiter \lfloor on input line 512.
LaTeX Font Info:    Redeclaring math delimiter \rfloor on input line 513.
LaTeX Font Info:    Redeclaring math delimiter \lceil on input line 514.
LaTeX Font Info:    Redeclaring math delimiter \rceil on input line 515.
LaTeX Font Info:    Redeclaring math delimiter \lbrace on input line 516.
LaTeX Font Info:    Redeclaring math delimiter \rbrace on input line 517.
LaTeX Font Info:    Redeclaring math delimiter \langle on input line 518.
LaTeX Font Info:    Redeclaring math delimiter \rangle on input line 520.
LaTeX Font Info:    Redeclaring math symbol \mid on input line 522.
LaTeX Font Info:    Redeclaring math delimiter \arrowvert on input line 524.
LaTeX Font Info:    Redeclaring math delimiter \vert on input line 525.
LaTeX Font Info:    Redeclaring math symbol \parallel on input line 526.
LaTeX Font Info:    Redeclaring math delimiter \Arrowvert on input line 527.
LaTeX Font Info:    Redeclaring math delimiter \Vert on input line 528.
LaTeX Font Info:    Redeclaring math delimiter \updownarrow on input line 530.
LaTeX Font Info:    Redeclaring math delimiter \Updownarrow on input line 531.
LaTeX Font Info:    Redeclaring math delimiter \lvert on input line 536.
LaTeX Font Info:    Redeclaring math delimiter \rvert on input line 537.
LaTeX Font Info:    Redeclaring math delimiter \lVert on input line 538.
LaTeX Font Info:    Redeclaring math delimiter \rVert on input line 539.
LaTeX Info: Redefining \not on input line 2146.
LaTeX Info: Redefining \textsquare on input line 2176.
LaTeX Info: Redefining \openbox on input line 2178.
)
(/usr/local/texlive/2018/texmf-dist/tex/latex/caption/caption.sty
Package: caption 2016/02/21 v3.3-144 Customizing captions (AR)

(/usr/local/texlive/2018/texmf-dist/tex/latex/caption/caption3.sty
Package: caption3 2016/05/22 v1.7-166 caption3 kernel (AR)
Package caption3 Info: TeX engine: e-TeX on input line 67.
\captionmargin=\dimen130
\captionmargin@=\dimen131
\captionwidth=\dimen132
\caption@tempdima=\dimen133
\caption@indent=\dimen134
\caption@parindent=\dimen135
\caption@hangindent=\dimen136
)
Package caption Info: AMS or SMF document class.
\c@ContinuedFloat=\count124
Package caption Info: hyperref package is loaded.
)
(/usr/local/texlive/2018/texmf-dist/tex/latex/float/float.sty
Package: float 2001/11/08 v1.3d Float enhancements (AL)
\c@float@type=\count125
\float@exts=\toks29
\float@box=\box29
\@float@everytoks=\toks30
\@floatcapt=\box30
)
\@float@every@sidebar=\toks31
\c@sidebar=\count126
\fulltextwidth=\dimen137
\@ACM@labelwidth=\dimen138
\listisep=\skip55
\num@authorgroups=\count127
\num@authors=\count128
\@ACM@badge@width=\skip56
\@ACM@title@width=\skip57
\@ACM@badge@skip=\skip58
Class acmart Info: Printing CCS on input line 1297.
Class acmart Info: Printing bibformat on input line 1297.
Class acmart Info: Suppressing folios on input line 1304.
Class acmart Info: Setting authorsperrow to 0 on input line 1307.

(/usr/local/texlive/2018/texmf-dist/tex/latex/comment/comment.sty
\CommentStream=\write4

Excluding comment 'comment') Excluding comment 'CCSXML'
\mktitle@bx=\box31
\@ACM@commabox=\box32
\author@bx=\box33
\author@bx@wd=\dimen139
\author@bx@sep=\skip59

(/usr/local/texlive/2018/texmf-dist/tex/latex/fancyhdr/fancyhdr.sty
Package: fancyhdr 2017/06/30 v3.9a Extensive control of page headers and footer
s
\f@nch@headwidth=\skip60
\f@nch@O@elh=\skip61
\f@nch@O@erh=\skip62
\f@nch@O@olh=\skip63
\f@nch@O@orh=\skip64
\f@nch@O@elf=\skip65
\f@nch@O@erf=\skip66
\f@nch@O@olf=\skip67
\f@nch@O@orf=\skip68
)
\@folio@wd=\dimen140
\@folio@ht=\dimen141
\@folio@voffset=\dimen142

Special comment 'acks'
LaTeX Font Info:    Try loading font information for T1+LinuxLibertineT-TLF on 
input line 2668.

(/usr/local/texlive/2018/texmf-dist/tex/latex/libertine/T1LinuxLibertineT-TLF.f
d
File: T1LinuxLibertineT-TLF.fd 2017/03/20 (autoinst) Font definitions for T1/Li
nuxLibertineT-TLF.
)
LaTeX Font Info:    Font shape `T1/LinuxLibertineT-TLF/m/n' will be
(Font)              scaled to size 10.0pt on input line 2668.
)
Class acmart Info: Suppressing bibformat on input line 24.
 (/usr/local/texlive/2018/texmf-dist/tex/latex/mdframed/mdframed.sty
Package: mdframed 2013/07/01 1.9b: mdframed

(/usr/local/texlive/2018/texmf-dist/tex/latex/l3packages/xparse/xparse.sty
(/usr/local/texlive/2018/texmf-dist/tex/latex/l3kernel/expl3.sty
Package: expl3 2018/03/05 L3 programming layer (loader) 

(/usr/local/texlive/2018/texmf-dist/tex/latex/l3kernel/expl3-code.tex
Package: expl3 2018/03/05 L3 programming layer (code)
\c_max_int=\count129
\l_tmpa_int=\count130
\l_tmpb_int=\count131
\g_tmpa_int=\count132
\g_tmpb_int=\count133
\g__intarray_font_int=\count134
\g__prg_map_int=\count135
\c_log_iow=\count136
\l_iow_line_count_int=\count137
\l__iow_line_target_int=\count138
\l__iow_one_indent_int=\count139
\l__iow_indent_int=\count140
\c_zero_dim=\dimen143
\c_max_dim=\dimen144
\l_tmpa_dim=\dimen145
\l_tmpb_dim=\dimen146
\g_tmpa_dim=\dimen147
\g_tmpb_dim=\dimen148
\c_zero_skip=\skip69
\c_max_skip=\skip70
\l_tmpa_skip=\skip71
\l_tmpb_skip=\skip72
\g_tmpa_skip=\skip73
\g_tmpb_skip=\skip74
\c_zero_muskip=\muskip12
\c_max_muskip=\muskip13
\l_tmpa_muskip=\muskip14
\l_tmpb_muskip=\muskip15
\g_tmpa_muskip=\muskip16
\g_tmpb_muskip=\muskip17
\l_keys_choice_int=\count141
\c__fp_leading_shift_int=\count142
\c__fp_middle_shift_int=\count143
\c__fp_trailing_shift_int=\count144
\c__fp_big_leading_shift_int=\count145
\c__fp_big_middle_shift_int=\count146
\c__fp_big_trailing_shift_int=\count147
\c__fp_Bigg_leading_shift_int=\count148
\c__fp_Bigg_middle_shift_int=\count149
\c__fp_Bigg_trailing_shift_int=\count150
\c__fp_rand_size_int=\count151
\c__fp_rand_four_int=\count152
\c__fp_rand_eight_int=\count153
\l__sort_length_int=\count154
\l__sort_min_int=\count155
\l__sort_top_int=\count156
\l__sort_max_int=\count157
\l__sort_true_max_int=\count158
\l__sort_block_int=\count159
\l__sort_begin_int=\count160
\l__sort_end_int=\count161
\l__sort_A_int=\count162
\l__sort_B_int=\count163
\l__sort_C_int=\count164
\l__tl_build_start_index_int=\count165
\l__tl_build_index_int=\count166
\l__tl_analysis_normal_int=\count167
\l__tl_analysis_index_int=\count168
\l__tl_analysis_nesting_int=\count169
\l__tl_analysis_type_int=\count170
\l__regex_internal_a_int=\count171
\l__regex_internal_b_int=\count172
\l__regex_internal_c_int=\count173
\l__regex_balance_int=\count174
\l__regex_group_level_int=\count175
\l__regex_mode_int=\count176
\c__regex_cs_in_class_mode_int=\count177
\c__regex_cs_mode_int=\count178
\l__regex_catcodes_int=\count179
\l__regex_default_catcodes_int=\count180
\c__regex_catcode_D_int=\count181
\c__regex_catcode_S_int=\count182
\c__regex_catcode_L_int=\count183
\c__regex_catcode_O_int=\count184
\c__regex_catcode_A_int=\count185
\c__regex_all_catcodes_int=\count186
\l__regex_show_lines_int=\count187
\l__regex_min_state_int=\count188
\l__regex_max_state_int=\count189
\l__regex_left_state_int=\count190
\l__regex_right_state_int=\count191
\l__regex_capturing_group_int=\count192
\l__regex_min_pos_int=\count193
\l__regex_max_pos_int=\count194
\l__regex_curr_pos_int=\count195
\l__regex_start_pos_int=\count196
\l__regex_success_pos_int=\count266
\l__regex_curr_char_int=\count267
\l__regex_curr_catcode_int=\count268
\l__regex_last_char_int=\count269
\l__regex_case_changed_char_int=\count270
\l__regex_curr_state_int=\count271
\l__regex_step_int=\count272
\l__regex_min_active_int=\count273
\l__regex_max_active_int=\count274
\l__regex_replacement_csnames_int=\count275
\l__regex_match_count_int=\count276
\l__regex_min_submatch_int=\count277
\l__regex_submatch_int=\count278
\l__regex_zeroth_submatch_int=\count279
\g__regex_trace_regex_int=\count280
\c_empty_box=\box34
\l_tmpa_box=\box35
\l_tmpb_box=\box36
\g_tmpa_box=\box37
\g_tmpb_box=\box38
\l__box_top_dim=\dimen149
\l__box_bottom_dim=\dimen150
\l__box_left_dim=\dimen151
\l__box_right_dim=\dimen152
\l__box_top_new_dim=\dimen153
\l__box_bottom_new_dim=\dimen154
\l__box_left_new_dim=\dimen155
\l__box_right_new_dim=\dimen156
\l__box_internal_box=\box39
\l__coffin_internal_box=\box40
\l__coffin_internal_dim=\dimen157
\l__coffin_offset_x_dim=\dimen158
\l__coffin_offset_y_dim=\dimen159
\l__coffin_x_dim=\dimen160
\l__coffin_y_dim=\dimen161
\l__coffin_x_prime_dim=\dimen162
\l__coffin_y_prime_dim=\dimen163
\c_empty_coffin=\box41
\l__coffin_aligned_coffin=\box42
\l__coffin_aligned_internal_coffin=\box43
\l_tmpa_coffin=\box44
\l_tmpb_coffin=\box45
\l__coffin_display_coffin=\box46
\l__coffin_display_coord_coffin=\box47
\l__coffin_display_pole_coffin=\box48
\l__coffin_display_offset_dim=\dimen164
\l__coffin_display_x_dim=\dimen165
\l__coffin_display_y_dim=\dimen166
\l__coffin_bounding_shift_dim=\dimen167
\l__coffin_left_corner_dim=\dimen168
\l__coffin_right_corner_dim=\dimen169
\l__coffin_bottom_corner_dim=\dimen170
\l__coffin_top_corner_dim=\dimen171
\l__coffin_scaled_total_height_dim=\dimen172
\l__coffin_scaled_width_dim=\dimen173
)
(/usr/local/texlive/2018/texmf-dist/tex/latex/l3kernel/l3pdfmode.def
File: l3pdfmode.def 2017/03/18 v L3 Experimental driver: PDF mode
\l__driver_color_stack_int=\count281
))
Package: xparse 2018/02/21 L3 Experimental document command parser
\l__xparse_current_arg_int=\count282
\g__xparse_grabber_int=\count283
\l__xparse_m_args_int=\count284
\l__xparse_mandatory_args_int=\count285
\l__xparse_v_nesting_int=\count286
)
(/usr/local/texlive/2018/texmf-dist/tex/latex/oberdiek/zref-abspage.sty
Package: zref-abspage 2016/05/21 v2.26 Module abspage for zref (HO)

(/usr/local/texlive/2018/texmf-dist/tex/latex/oberdiek/zref-base.sty
Package: zref-base 2016/05/21 v2.26 Module base for zref (HO)
Package zref Info: New property list: main on input line 759.
Package zref Info: New property: default on input line 760.
Package zref Info: New property: page on input line 761.
)
\c@abspage=\count287
Package zref Info: New property: abspage on input line 62.
)
(/usr/local/texlive/2018/texmf-dist/tex/latex/needspace/needspace.sty
Package: needspace 2010/09/12 v1.3d reserve vertical space
)
\mdf@templength=\skip75
\c@mdf@globalstyle@cnt=\count288
\mdf@skipabove@length=\skip76
\mdf@skipbelow@length=\skip77
\mdf@leftmargin@length=\skip78
\mdf@rightmargin@length=\skip79
\mdf@innerleftmargin@length=\skip80
\mdf@innerrightmargin@length=\skip81
\mdf@innertopmargin@length=\skip82
\mdf@innerbottommargin@length=\skip83
\mdf@splittopskip@length=\skip84
\mdf@splitbottomskip@length=\skip85
\mdf@outermargin@length=\skip86
\mdf@innermargin@length=\skip87
\mdf@linewidth@length=\skip88
\mdf@innerlinewidth@length=\skip89
\mdf@middlelinewidth@length=\skip90
\mdf@outerlinewidth@length=\skip91
\mdf@roundcorner@length=\skip92
\mdf@footenotedistance@length=\skip93
\mdf@userdefinedwidth@length=\skip94
\mdf@needspace@length=\skip95
\mdf@frametitleaboveskip@length=\skip96
\mdf@frametitlebelowskip@length=\skip97
\mdf@frametitlerulewidth@length=\skip98
\mdf@frametitleleftmargin@length=\skip99
\mdf@frametitlerightmargin@length=\skip100
\mdf@shadowsize@length=\skip101
\mdf@extratopheight@length=\skip102
\mdf@subtitleabovelinewidth@length=\skip103
\mdf@subtitlebelowlinewidth@length=\skip104
\mdf@subtitleaboveskip@length=\skip105
\mdf@subtitlebelowskip@length=\skip106
\mdf@subtitleinneraboveskip@length=\skip107
\mdf@subtitleinnerbelowskip@length=\skip108
\mdf@subsubtitleabovelinewidth@length=\skip109
\mdf@subsubtitlebelowlinewidth@length=\skip110
\mdf@subsubtitleaboveskip@length=\skip111
\mdf@subsubtitlebelowskip@length=\skip112
\mdf@subsubtitleinneraboveskip@length=\skip113
\mdf@subsubtitleinnerbelowskip@length=\skip114

(/usr/local/texlive/2018/texmf-dist/tex/latex/mdframed/md-frame-0.mdf
File: md-frame-0.mdf 2013/07/01\ 1.9b: md-frame-0
)
\mdf@frametitlebox=\box49
\mdf@footnotebox=\box50
\mdf@splitbox@one=\box51
\mdf@splitbox@two=\box52
\mdf@splitbox@save=\box53
\mdfsplitboxwidth=\skip115
\mdfsplitboxtotalwidth=\skip116
\mdfsplitboxheight=\skip117
\mdfsplitboxdepth=\skip118
\mdfsplitboxtotalheight=\skip119
\mdfframetitleboxwidth=\skip120
\mdfframetitleboxtotalwidth=\skip121
\mdfframetitleboxheight=\skip122
\mdfframetitleboxdepth=\skip123
\mdfframetitleboxtotalheight=\skip124
\mdffootnoteboxwidth=\skip125
\mdffootnoteboxtotalwidth=\skip126
\mdffootnoteboxheight=\skip127
\mdffootnoteboxdepth=\skip128
\mdffootnoteboxtotalheight=\skip129
\mdftotallinewidth=\skip130
\mdfboundingboxwidth=\skip131
\mdfboundingboxtotalwidth=\skip132
\mdfboundingboxheight=\skip133
\mdfboundingboxdepth=\skip134
\mdfboundingboxtotalheight=\skip135
\mdf@freevspace@length=\skip136
\mdf@horizontalwidthofbox@length=\skip137
\mdf@verticalmarginwhole@length=\skip138
\mdf@horizontalspaceofbox=\skip139
\mdfsubtitleheight=\skip140
\mdfsubsubtitleheight=\skip141
\c@mdfcountframes=\count289

****** mdframed patching \endmdf@trivlist

****** -- success******

.................................................
. LaTeX info: "xparse/define-command"
. 
. Defining command \newmdtheoremenv with sig. 'O{} m o m o ' on line 601.
.................................................
.................................................
. LaTeX info: "xparse/define-command"
. 
. Defining command \mdtheorem with sig. ' O{} m o m o ' on line 701.
.................................................
\mdf@envdepth=\count290
\c@mdf@env@i=\count291
\c@mdf@env@ii=\count292
\c@mdf@zref@counter=\count293
Package zref Info: New property: mdf@pagevalue on input line 895.
)
(/usr/local/texlive/2018/texmf-dist/tex/latex/mathpartir/mathpartir.sty
Package: mathpartir 2016/02/24 version 1.3.2 Math Paragraph for Typesetting Inf
erence Rules
\mpr@andskip=\skip142
\mpr@lista=\toks32
\mpr@listb=\toks33
\mpr@hlist=\box54
\mpr@vlist=\box55
\mpr@right=\box56
)
(/usr/local/texlive/2018/texmf-dist/tex/latex/enumitem/enumitem.sty
Package: enumitem 2011/09/28 v3.5.2 Customized lists
\enitkv@toks@=\toks34
\labelindent=\skip143
\enit@outerparindent=\dimen174
\enit@toks=\toks35
\enit@inbox=\box57
\enitdp@description=\count294
)
(/usr/local/texlive/2018/texmf-dist/tex/latex/bbm-macros/bbm.sty
Package: bbm 1999/03/15 V 1.2 provides fonts for set symbols - TH
LaTeX Font Info:    Overwriting math alphabet `\mathbbm' in version `bold'
(Font)                  U/bbm/m/n --> U/bbm/bx/n on input line 33.
LaTeX Font Info:    Overwriting math alphabet `\mathbbmss' in version `bold'
(Font)                  U/bbmss/m/n --> U/bbmss/bx/n on input line 35.
)
(/usr/local/texlive/2018/texmf-dist/tex/latex/stmaryrd/stmaryrd.sty
Package: stmaryrd 1994/03/03 St Mary's Road symbol package
\symstmry=\mathgroup10
LaTeX Font Info:    Overwriting symbol font `stmry' in version `bold'
(Font)                  U/stmry/m/n --> U/stmry/b/n on input line 89.
)
(/usr/local/texlive/2018/texmf-dist/tex/latex/mathtools/mathtools.sty
Package: mathtools 2018/01/08 v1.21 mathematical typesetting tools

(/usr/local/texlive/2018/texmf-dist/tex/latex/tools/calc.sty
Package: calc 2017/05/25 v4.3 Infix arithmetic (KKT,FJ)
\calc@Acount=\count295
\calc@Bcount=\count296
\calc@Adimen=\dimen175
\calc@Bdimen=\dimen176
\calc@Askip=\skip144
\calc@Bskip=\skip145
LaTeX Info: Redefining \setlength on input line 80.
LaTeX Info: Redefining \addtolength on input line 81.
\calc@Ccount=\count297
\calc@Cskip=\skip146
)
(/usr/local/texlive/2018/texmf-dist/tex/latex/mathtools/mhsetup.sty
Package: mhsetup 2017/03/31 v1.3 programming setup (MH)
)
LaTeX Info: Thecontrolsequence`\('isalreadyrobust on input line 129.
LaTeX Info: Thecontrolsequence`\)'isalreadyrobust on input line 129.
LaTeX Info: Thecontrolsequence`\['isalreadyrobust on input line 129.
LaTeX Info: Thecontrolsequence`\]'isalreadyrobust on input line 129.
\g_MT_multlinerow_int=\count298
\l_MT_multwidth_dim=\dimen177
\origjot=\skip147
\l_MT_shortvdotswithinadjustabove_dim=\dimen178
\l_MT_shortvdotswithinadjustbelow_dim=\dimen179
\l_MT_above_intertext_sep=\dimen180
\l_MT_below_intertext_sep=\dimen181
\l_MT_above_shortintertext_sep=\dimen182
\l_MT_below_shortintertext_sep=\dimen183
)
(/usr/local/texlive/2018/texmf-dist/tex/latex/leftidx/leftidx.sty
Package: leftidx 2003/09/24 v1.03 Left indices
)
(/usr/local/texlive/2018/texmf-dist/tex/latex/wrapfig/wrapfig.sty
\wrapoverhang=\dimen184
\WF@size=\dimen185
\c@WF@wrappedlines=\count299
\WF@box=\box58
\WF@everypar=\toks36
Package: wrapfig 2003/01/31  v 3.6
)
(/usr/local/texlive/2018/texmf-dist/tex/latex/extarrows/extarrows.sty
Package: extarrows 2008/05/15 v1.0b Some extensible arrows
)
(/usr/local/texlive/2018/texmf-dist/tex/latex/tools/xspace.sty
Package: xspace 2014/10/28 v1.13 Space after command names (DPC,MH)
)
(/usr/local/texlive/2018/texmf-dist/tex/latex/todonotes/todonotes.sty
Package: todonotes 2015/07/09 .dtx Todonotes source and documentation.
Package: todonotes 2012/07/25

(/usr/local/texlive/2018/texmf-dist/tex/latex/base/ifthen.sty
Package: ifthen 2014/09/29 v1.1c Standard LaTeX ifthen package (DPC)
)
(/usr/local/texlive/2018/texmf-dist/tex/latex/pgf/frontendlayer/tikz.sty
(/usr/local/texlive/2018/texmf-dist/tex/latex/pgf/basiclayer/pgf.sty
(/usr/local/texlive/2018/texmf-dist/tex/latex/pgf/utilities/pgfrcs.sty
(/usr/local/texlive/2018/texmf-dist/tex/generic/pgf/utilities/pgfutil-common.te
x
\pgfutil@everybye=\toks37
\pgfutil@tempdima=\dimen186
\pgfutil@tempdimb=\dimen187

(/usr/local/texlive/2018/texmf-dist/tex/generic/pgf/utilities/pgfutil-common-li
sts.tex))
(/usr/local/texlive/2018/texmf-dist/tex/generic/pgf/utilities/pgfutil-latex.def
\pgfutil@abb=\box59
) (/usr/local/texlive/2018/texmf-dist/tex/generic/pgf/utilities/pgfrcs.code.tex
Package: pgfrcs 2015/08/07 v3.0.1a (rcs-revision 1.31)
))
Package: pgf 2015/08/07 v3.0.1a (rcs-revision 1.15)
 (/usr/local/texlive/2018/texmf-dist/tex/latex/pgf/basiclayer/pgfcore.sty
(/usr/local/texlive/2018/texmf-dist/tex/latex/pgf/systemlayer/pgfsys.sty
(/usr/local/texlive/2018/texmf-dist/tex/generic/pgf/systemlayer/pgfsys.code.tex
Package: pgfsys 2014/07/09 v3.0.1a (rcs-revision 1.48)
(/usr/local/texlive/2018/texmf-dist/tex/generic/pgf/utilities/pgfkeys.code.tex
\pgfkeys@pathtoks=\toks38
\pgfkeys@temptoks=\toks39

(/usr/local/texlive/2018/texmf-dist/tex/generic/pgf/utilities/pgfkeysfiltered.c
ode.tex
\pgfkeys@tmptoks=\toks40
))
\pgf@x=\dimen188
\pgf@y=\dimen189
\pgf@xa=\dimen190
\pgf@ya=\dimen191
\pgf@xb=\dimen192
\pgf@yb=\dimen193
\pgf@xc=\dimen194
\pgf@yc=\dimen195
\w@pgf@writea=\write5
\r@pgf@reada=\read1
\c@pgf@counta=\count300
\c@pgf@countb=\count301
\c@pgf@countc=\count302
\c@pgf@countd=\count303
\t@pgf@toka=\toks41
\t@pgf@tokb=\toks42
\t@pgf@tokc=\toks43

(/usr/local/texlive/2018/texmf-dist/tex/generic/pgf/systemlayer/pgf.cfg
File: pgf.cfg 2008/05/14  (rcs-revision 1.7)
)
Driver file for pgf: pgfsys-pdftex.def

(/usr/local/texlive/2018/texmf-dist/tex/generic/pgf/systemlayer/pgfsys-pdftex.d
ef
File: pgfsys-pdftex.def 2014/10/11  (rcs-revision 1.35)

(/usr/local/texlive/2018/texmf-dist/tex/generic/pgf/systemlayer/pgfsys-common-p
df.def
File: pgfsys-common-pdf.def 2013/10/10  (rcs-revision 1.13)
)))
(/usr/local/texlive/2018/texmf-dist/tex/generic/pgf/systemlayer/pgfsyssoftpath.
code.tex
File: pgfsyssoftpath.code.tex 2013/09/09  (rcs-revision 1.9)
\pgfsyssoftpath@smallbuffer@items=\count304
\pgfsyssoftpath@bigbuffer@items=\count305
)
(/usr/local/texlive/2018/texmf-dist/tex/generic/pgf/systemlayer/pgfsysprotocol.
code.tex
File: pgfsysprotocol.code.tex 2006/10/16  (rcs-revision 1.4)
))
(/usr/local/texlive/2018/texmf-dist/tex/generic/pgf/basiclayer/pgfcore.code.tex
Package: pgfcore 2010/04/11 v3.0.1a (rcs-revision 1.7)
(/usr/local/texlive/2018/texmf-dist/tex/generic/pgf/math/pgfmath.code.tex
(/usr/local/texlive/2018/texmf-dist/tex/generic/pgf/math/pgfmathcalc.code.tex
(/usr/local/texlive/2018/texmf-dist/tex/generic/pgf/math/pgfmathutil.code.tex)
(/usr/local/texlive/2018/texmf-dist/tex/generic/pgf/math/pgfmathparser.code.tex
\pgfmath@dimen=\dimen196
\pgfmath@count=\count306
\pgfmath@box=\box60
\pgfmath@toks=\toks44
\pgfmath@stack@operand=\toks45
\pgfmath@stack@operation=\toks46
)
(/usr/local/texlive/2018/texmf-dist/tex/generic/pgf/math/pgfmathfunctions.code.
tex
(/usr/local/texlive/2018/texmf-dist/tex/generic/pgf/math/pgfmathfunctions.basic
.code.tex)
(/usr/local/texlive/2018/texmf-dist/tex/generic/pgf/math/pgfmathfunctions.trigo
nometric.code.tex)
(/usr/local/texlive/2018/texmf-dist/tex/generic/pgf/math/pgfmathfunctions.rando
m.code.tex)
(/usr/local/texlive/2018/texmf-dist/tex/generic/pgf/math/pgfmathfunctions.compa
rison.code.tex)
(/usr/local/texlive/2018/texmf-dist/tex/generic/pgf/math/pgfmathfunctions.base.
code.tex)
(/usr/local/texlive/2018/texmf-dist/tex/generic/pgf/math/pgfmathfunctions.round
.code.tex)
(/usr/local/texlive/2018/texmf-dist/tex/generic/pgf/math/pgfmathfunctions.misc.
code.tex)
(/usr/local/texlive/2018/texmf-dist/tex/generic/pgf/math/pgfmathfunctions.integ
erarithmetics.code.tex)))
(/usr/local/texlive/2018/texmf-dist/tex/generic/pgf/math/pgfmathfloat.code.tex
\c@pgfmathroundto@lastzeros=\count307
))
(/usr/local/texlive/2018/texmf-dist/tex/generic/pgf/basiclayer/pgfcorepoints.co
de.tex
File: pgfcorepoints.code.tex 2013/10/07  (rcs-revision 1.27)
\pgf@picminx=\dimen256
\pgf@picmaxx=\dimen257
\pgf@picminy=\dimen258
\pgf@picmaxy=\dimen259
\pgf@pathminx=\dimen260
\pgf@pathmaxx=\dimen261
\pgf@pathminy=\dimen262
\pgf@pathmaxy=\dimen263
\pgf@xx=\dimen264
\pgf@xy=\dimen265
\pgf@yx=\dimen266
\pgf@yy=\dimen267
\pgf@zx=\dimen268
\pgf@zy=\dimen269
)
(/usr/local/texlive/2018/texmf-dist/tex/generic/pgf/basiclayer/pgfcorepathconst
ruct.code.tex
File: pgfcorepathconstruct.code.tex 2013/10/07  (rcs-revision 1.29)
\pgf@path@lastx=\dimen270
\pgf@path@lasty=\dimen271
)
(/usr/local/texlive/2018/texmf-dist/tex/generic/pgf/basiclayer/pgfcorepathusage
.code.tex
File: pgfcorepathusage.code.tex 2014/11/02  (rcs-revision 1.24)
\pgf@shorten@end@additional=\dimen272
\pgf@shorten@start@additional=\dimen273
)
(/usr/local/texlive/2018/texmf-dist/tex/generic/pgf/basiclayer/pgfcorescopes.co
de.tex
File: pgfcorescopes.code.tex 2015/05/08  (rcs-revision 1.46)
\pgfpic=\box61
\pgf@hbox=\box62
\pgf@layerbox@main=\box63
\pgf@picture@serial@count=\count308
)
(/usr/local/texlive/2018/texmf-dist/tex/generic/pgf/basiclayer/pgfcoregraphicst
ate.code.tex
File: pgfcoregraphicstate.code.tex 2014/11/02  (rcs-revision 1.12)
\pgflinewidth=\dimen274
)
(/usr/local/texlive/2018/texmf-dist/tex/generic/pgf/basiclayer/pgfcoretransform
ations.code.tex
File: pgfcoretransformations.code.tex 2015/08/07  (rcs-revision 1.20)
\pgf@pt@x=\dimen275
\pgf@pt@y=\dimen276
\pgf@pt@temp=\dimen277
)
(/usr/local/texlive/2018/texmf-dist/tex/generic/pgf/basiclayer/pgfcorequick.cod
e.tex
File: pgfcorequick.code.tex 2008/10/09  (rcs-revision 1.3)
)
(/usr/local/texlive/2018/texmf-dist/tex/generic/pgf/basiclayer/pgfcoreobjects.c
ode.tex
File: pgfcoreobjects.code.tex 2006/10/11  (rcs-revision 1.2)
)
(/usr/local/texlive/2018/texmf-dist/tex/generic/pgf/basiclayer/pgfcorepathproce
ssing.code.tex
File: pgfcorepathprocessing.code.tex 2013/09/09  (rcs-revision 1.9)
)
(/usr/local/texlive/2018/texmf-dist/tex/generic/pgf/basiclayer/pgfcorearrows.co
de.tex
File: pgfcorearrows.code.tex 2015/05/14  (rcs-revision 1.43)
\pgfarrowsep=\dimen278
)
(/usr/local/texlive/2018/texmf-dist/tex/generic/pgf/basiclayer/pgfcoreshade.cod
e.tex
File: pgfcoreshade.code.tex 2013/07/15  (rcs-revision 1.15)
\pgf@max=\dimen279
\pgf@sys@shading@range@num=\count309
)
(/usr/local/texlive/2018/texmf-dist/tex/generic/pgf/basiclayer/pgfcoreimage.cod
e.tex
File: pgfcoreimage.code.tex 2013/07/15  (rcs-revision 1.18)

(/usr/local/texlive/2018/texmf-dist/tex/generic/pgf/basiclayer/pgfcoreexternal.
code.tex
File: pgfcoreexternal.code.tex 2014/07/09  (rcs-revision 1.21)
\pgfexternal@startupbox=\box64
))
(/usr/local/texlive/2018/texmf-dist/tex/generic/pgf/basiclayer/pgfcorelayers.co
de.tex
File: pgfcorelayers.code.tex 2013/07/18  (rcs-revision 1.7)
)
(/usr/local/texlive/2018/texmf-dist/tex/generic/pgf/basiclayer/pgfcoretranspare
ncy.code.tex
File: pgfcoretransparency.code.tex 2013/09/30  (rcs-revision 1.5)
)
(/usr/local/texlive/2018/texmf-dist/tex/generic/pgf/basiclayer/pgfcorepatterns.
code.tex
File: pgfcorepatterns.code.tex 2013/11/07  (rcs-revision 1.5)
)))
(/usr/local/texlive/2018/texmf-dist/tex/generic/pgf/modules/pgfmoduleshapes.cod
e.tex
File: pgfmoduleshapes.code.tex 2014/03/21  (rcs-revision 1.35)
\pgfnodeparttextbox=\box65
)
(/usr/local/texlive/2018/texmf-dist/tex/generic/pgf/modules/pgfmoduleplot.code.
tex
File: pgfmoduleplot.code.tex 2015/08/03  (rcs-revision 1.13)
)
(/usr/local/texlive/2018/texmf-dist/tex/latex/pgf/compatibility/pgfcomp-version
-0-65.sty
Package: pgfcomp-version-0-65 2007/07/03 v3.0.1a (rcs-revision 1.7)
\pgf@nodesepstart=\dimen280
\pgf@nodesepend=\dimen281
)
(/usr/local/texlive/2018/texmf-dist/tex/latex/pgf/compatibility/pgfcomp-version
-1-18.sty
Package: pgfcomp-version-1-18 2007/07/23 v3.0.1a (rcs-revision 1.1)
))
(/usr/local/texlive/2018/texmf-dist/tex/latex/pgf/utilities/pgffor.sty
(/usr/local/texlive/2018/texmf-dist/tex/latex/pgf/utilities/pgfkeys.sty
(/usr/local/texlive/2018/texmf-dist/tex/generic/pgf/utilities/pgfkeys.code.tex)
) (/usr/local/texlive/2018/texmf-dist/tex/latex/pgf/math/pgfmath.sty
(/usr/local/texlive/2018/texmf-dist/tex/generic/pgf/math/pgfmath.code.tex))
(/usr/local/texlive/2018/texmf-dist/tex/generic/pgf/utilities/pgffor.code.tex
Package: pgffor 2013/12/13 v3.0.1a (rcs-revision 1.25)

(/usr/local/texlive/2018/texmf-dist/tex/generic/pgf/math/pgfmath.code.tex)
\pgffor@iter=\dimen282
\pgffor@skip=\dimen283
\pgffor@stack=\toks47
\pgffor@toks=\toks48
))
(/usr/local/texlive/2018/texmf-dist/tex/generic/pgf/frontendlayer/tikz/tikz.cod
e.tex
Package: tikz 2015/08/07 v3.0.1a (rcs-revision 1.151)

(/usr/local/texlive/2018/texmf-dist/tex/generic/pgf/libraries/pgflibraryplothan
dlers.code.tex
File: pgflibraryplothandlers.code.tex 2013/08/31 v3.0.1a (rcs-revision 1.20)
\pgf@plot@mark@count=\count310
\pgfplotmarksize=\dimen284
)
\tikz@lastx=\dimen285
\tikz@lasty=\dimen286
\tikz@lastxsaved=\dimen287
\tikz@lastysaved=\dimen288
\tikzleveldistance=\dimen289
\tikzsiblingdistance=\dimen290
\tikz@figbox=\box66
\tikz@figbox@bg=\box67
\tikz@tempbox=\box68
\tikz@tempbox@bg=\box69
\tikztreelevel=\count311
\tikznumberofchildren=\count312
\tikznumberofcurrentchild=\count313
\tikz@fig@count=\count314

(/usr/local/texlive/2018/texmf-dist/tex/generic/pgf/modules/pgfmodulematrix.cod
e.tex
File: pgfmodulematrix.code.tex 2013/09/17  (rcs-revision 1.8)
\pgfmatrixcurrentrow=\count315
\pgfmatrixcurrentcolumn=\count316
\pgf@matrix@numberofcolumns=\count317
)
\tikz@expandcount=\count318

(/usr/local/texlive/2018/texmf-dist/tex/generic/pgf/frontendlayer/tikz/librarie
s/tikzlibrarytopaths.code.tex
File: tikzlibrarytopaths.code.tex 2008/06/17 v3.0.1a (rcs-revision 1.2)
)))
(/usr/local/texlive/2018/texmf-dist/tex/generic/pgf/frontendlayer/tikz/librarie
s/tikzlibrarypositioning.code.tex
File: tikzlibrarypositioning.code.tex 2008/10/06 v3.0.1a (rcs-revision 1.7)
)
\c@@todonotes@numberoftodonotes=\count319
)
(/usr/local/texlive/2018/texmf-dist/tex/latex/tools/bm.sty
Package: bm 2017/01/16 v1.2c Bold Symbol Support (DPC/FMi)
\symboldoperators=\mathgroup11
\symboldletters=\mathgroup12
\symboldsymbols=\mathgroup13
\symboldlargesymbols=\mathgroup14
LaTeX Font Info:    Redeclaring math alphabet \mathbf on input line 141.
LaTeX Info: Redefining \bm on input line 207.
) (./commands.tex)
(./macros.tex)
Package hyperref Info: Option `pdfdisplaydoctitle' set `true' on input line 62.

\c@theorem=\count320
 Excluding comment 'screenonly' Include comment 'printonly'
Include comment 'anonsuppress'

LaTeX Warning: Unused global option(s):
    [backend=bibtex].

(./main.aux)
\openout1 = `main.aux'.

LaTeX Font Info:    Checking defaults for OML/nxlmi/m/it on input line 62.
LaTeX Font Info:    Try loading font information for OML+nxlmi on input line 62
.
 (/usr/local/texlive/2018/texmf-dist/tex/latex/newtx/omlnxlmi.fd
File: omlnxlmi.fd 2013/11/19 Fontinst v1.933 font definitions for OML/nxlmi.
)
LaTeX Font Info:    ... okay on input line 62.
LaTeX Font Info:    Checking defaults for T1/cmr/m/n on input line 62.
LaTeX Font Info:    ... okay on input line 62.
LaTeX Font Info:    Checking defaults for OT1/cmr/m/n on input line 62.
LaTeX Font Info:    ... okay on input line 62.
LaTeX Font Info:    Checking defaults for OMS/cmsy/m/n on input line 62.
LaTeX Font Info:    ... okay on input line 62.
LaTeX Font Info:    Checking defaults for OMX/cmex/m/n on input line 62.
LaTeX Font Info:    ... okay on input line 62.
LaTeX Font Info:    Checking defaults for U/ntxexa/m/n on input line 62.
LaTeX Font Info:    Try loading font information for U+ntxexa on input line 62.


(/usr/local/texlive/2018/texmf-dist/tex/latex/newtx/untxexa.fd
File: untxexa.fd 2012/04/16 Fontinst v1.933 font definitions for U/ntxexa.
)
LaTeX Font Info:    ... okay on input line 62.
LaTeX Font Info:    Checking defaults for PD1/pdf/m/n on input line 62.
LaTeX Font Info:    ... okay on input line 62.
LaTeX Font Info:    Checking defaults for PU/pdf/m/n on input line 62.
LaTeX Font Info:    ... okay on input line 62.
LaTeX Font Info:    Checking defaults for TS1/cmr/m/n on input line 62.
LaTeX Font Info:    Try loading font information for TS1+cmr on input line 62.

(/usr/local/texlive/2018/texmf-dist/tex/latex/base/ts1cmr.fd
File: ts1cmr.fd 2014/09/29 v2.5h Standard LaTeX font definitions
)
LaTeX Font Info:    ... okay on input line 62.
LaTeX Font Info:    Checking defaults for LMS/ntxsy/m/n on input line 62.
LaTeX Font Info:    Try loading font information for LMS+ntxsy on input line 62
.

(/usr/local/texlive/2018/texmf-dist/tex/latex/newtx/lmsntxsy.fd
File: lmsntxsy.fd 2016/07/02 Fontinst v1.933 font definitions for LMS/ntxsy.
)
LaTeX Font Info:    ... okay on input line 62.
LaTeX Font Info:    Checking defaults for LMX/ntxexx/m/n on input line 62.
LaTeX Font Info:    Try loading font information for LMX+ntxexx on input line 6
2.

(/usr/local/texlive/2018/texmf-dist/tex/latex/newtx/lmxntxexx.fd
File: lmxntxexx.fd 2016/07/03 Fontinst v1.933 font definitions for LMX/ntxexx.
)
LaTeX Font Info:    ... okay on input line 62.
LaTeX Font Info:    Font shape `T1/LinuxLibertineT-TLF/m/n' will be
(Font)              scaled to size 8.0pt on input line 62.
LaTeX Font Info:    Try loading font information for OT1+LinuxLibertineT-TLF on
 input line 62.

(/usr/local/texlive/2018/texmf-dist/tex/latex/libertine/OT1LinuxLibertineT-TLF.
fd
File: OT1LinuxLibertineT-TLF.fd 2017/03/20 (autoinst) Font definitions for OT1/
LinuxLibertineT-TLF.
)
LaTeX Font Info:    Font shape `OT1/LinuxLibertineT-TLF/m/n' will be
(Font)              scaled to size 8.0pt on input line 62.
<<ot1.cmap>>
LaTeX Font Info:    Font shape `OT1/LinuxLibertineT-TLF/m/n' will be
(Font)              scaled to size 6.2pt on input line 62.
LaTeX Font Info:    Font shape `OT1/LinuxLibertineT-TLF/m/n' will be
(Font)              scaled to size 5.5pt on input line 62.
<<oml.cmap>>
LaTeX Font Info:    Try loading font information for U+msa on input line 62.

(/usr/local/texlive/2018/texmf-dist/tex/latex/amsfonts/umsa.fd
File: umsa.fd 2013/01/14 v3.01 AMS symbols A
)
LaTeX Font Info:    Try loading font information for U+msb on input line 62.

(/usr/local/texlive/2018/texmf-dist/tex/latex/amsfonts/umsb.fd
File: umsb.fd 2013/01/14 v3.01 AMS symbols B
)
LaTeX Font Info:    Try loading font information for U+ntxmia on input line 62.


(/usr/local/texlive/2018/texmf-dist/tex/latex/newtx/untxmia.fd
File: untxmia.fd 2016/01/31 Fontinst v1.933 font definitions for U/ntxmia.
)
LaTeX Font Info:    Try loading font information for U+ntxsym on input line 62.


(/usr/local/texlive/2018/texmf-dist/tex/latex/newtx/untxsym.fd
File: untxsym.fd 2015/03/20 Fontinst v1.933 font definitions for U/ntxsym.
)
LaTeX Font Info:    Try loading font information for U+ntxsyc on input line 62.


(/usr/local/texlive/2018/texmf-dist/tex/latex/newtx/untxsyc.fd
File: untxsyc.fd 2012/04/12 Fontinst v1.933 font definitions for U/ntxsyc.
)
LaTeX Font Info:    Try loading font information for U+stmry on input line 62.

(/usr/local/texlive/2018/texmf-dist/tex/latex/stmaryrd/Ustmry.fd)

LaTeX Font Warning: Font shape `U/stmry/m/n' in size <5.5> not available
(Font)              size <5> substituted on input line 62.

LaTeX Font Info:    Font shape `OT1/LinuxLibertineT-TLF/sb/n' will be
(Font)              scaled to size 8.0pt on input line 62.
LaTeX Font Info:    Font shape `OT1/LinuxLibertineT-TLF/sb/n' will be
(Font)              scaled to size 6.2pt on input line 62.
LaTeX Font Info:    Font shape `OT1/LinuxLibertineT-TLF/sb/n' will be
(Font)              scaled to size 5.5pt on input line 62.
LaTeX Info: Redefining \microtypecontext on input line 62.
Package microtype Info: Generating PDF output.
Package microtype Info: Character protrusion enabled (level 2).
Package microtype Info: Using default protrusion set `alltext'.
Package microtype Info: Automatic font expansion enabled (level 2),
(microtype)             stretch: 20, shrink: 20, step: 1, non-selected.
Package microtype Info: Using default expansion set `basictext'.
Package microtype Info: No adjustment of tracking.
Package microtype Info: No adjustment of interword spacing.
Package microtype Info: No adjustment of character kerning.
Package microtype Info: Loading generic protrusion settings for font family
(microtype)             `LinuxLibertineT-TLF' (encoding: T1).
(microtype)             For optimal results, create family-specific settings.
(microtype)             See the microtype manual for details.
ABD: EveryShipout initializing macros
\AtBeginShipoutBox=\box70
Package hyperref Info: Link coloring OFF on input line 62.

(/usr/local/texlive/2018/texmf-dist/tex/latex/hyperref/nameref.sty
Package: nameref 2016/05/21 v2.44 Cross-referencing by name of section

(/usr/local/texlive/2018/texmf-dist/tex/generic/oberdiek/gettitlestring.sty
Package: gettitlestring 2016/05/16 v1.5 Cleanup title references (HO)
)
\c@section@level=\count321
)
LaTeX Info: Redefining \ref on input line 62.
LaTeX Info: Redefining \pageref on input line 62.
LaTeX Info: Redefining \nameref on input line 62.

(./main.out) (./main.out)
\@outlinefile=\write6
\openout6 = `main.out'.


(/usr/local/texlive/2018/texmf-dist/tex/context/base/mkii/supp-pdf.mkii
[Loading MPS to PDF converter (version 2006.09.02).]
\scratchcounter=\count322
\scratchdimen=\dimen291
\scratchbox=\box71
\nofMPsegments=\count323
\nofMParguments=\count324
\everyMPshowfont=\toks49
\MPscratchCnt=\count325
\MPscratchDim=\dimen292
\MPnumerator=\count326
\makeMPintoPDFobject=\count327
\everyMPtoPDFconversion=\toks50
) (/usr/local/texlive/2018/texmf-dist/tex/latex/oberdiek/epstopdf-base.sty
Package: epstopdf-base 2016/05/15 v2.6 Base part for package epstopdf

(/usr/local/texlive/2018/texmf-dist/tex/latex/oberdiek/grfext.sty
Package: grfext 2016/05/16 v1.2 Manage graphics extensions (HO)
)
Package epstopdf-base Info: Redefining graphics rule for `.eps' on input line 4
38.
Package grfext Info: Graphics extension search list:
(grfext)             [.pdf,.png,.jpg,.mps,.jpeg,.jbig2,.jb2,.PDF,.PNG,.JPG,.JPE
G,.JBIG2,.JB2,.eps]
(grfext)             \AppendGraphicsExtensions on input line 456.

(/usr/local/texlive/2018/texmf-dist/tex/latex/latexconfig/epstopdf-sys.cfg
File: epstopdf-sys.cfg 2010/07/13 v1.3 Configuration of (r)epstopdf for TeX Liv
e
))
*geometry* driver: auto-detecting
*geometry* detected driver: pdftex
*geometry* verbose mode - [ preamble ] result:
* driver: pdftex
* paper: custom
* layout: <same size as paper>
* layoutoffset:(h,v)=(0.0pt,0.0pt)
* modes: twoside heightrounded 
* h-part:(L,W,R)=(54.2025pt, 505.89pt, 54.2025pt)
* v-part:(T,H,B)=(72.26999pt, 650.43001pt, 72.26999pt)
* \paperwidth=614.295pt
* \paperheight=794.96999pt
* \textwidth=505.89pt
* \textheight=646.0pt
* \oddsidemargin=-18.06749pt
* \evensidemargin=-18.06749pt
* \topmargin=-27.0pt
* \headheight=13.0pt
* \headsep=14.0pt
* \topskip=10.0pt
* \footskip=12.0pt
* \marginparwidth=24.0pt
* \marginparsep=11.0pt
* \columnsep=24.0pt
* \skip\footins=7.0pt plus 11.0pt
* \hoffset=0.0pt
* \voffset=0.0pt
* \mag=1000
* \@twocolumnfalse
* \@twosidetrue
* \@mparswitchtrue
* \@reversemarginfalse
* (1in=72.27pt=25.4mm, 1cm=28.453pt)

\c@mv@tabular=\count328
\c@mv@boldtabular=\count329
(/usr/local/texlive/2018/texmf-dist/tex/latex/upquote/upquote.sty
Package: upquote 2012/04/19 v1.3 upright-quote and grave-accent glyphs in verba
tim
)
Package caption Info: Begin \AtBeginDocument code.
Package caption Info: float package is loaded.
Package caption Info: wrapfig package is loaded.
Package caption Info: End \AtBeginDocument code.
LaTeX Font Info:    Font shape `T1/LinuxLibertineT-TLF/m/n' will be
(Font)              scaled to size 20.74pt on input line 63.
LaTeX Font Info:    Font shape `T1/LinuxLibertineT-TLF/b/n' will be
(Font)              scaled to size 20.74pt on input line 63.
LaTeX Font Info:    Font shape `T1/LinuxLibertineT-TLF/m/n' will be
(Font)              scaled to size 12.0pt on input line 63.
LaTeX Font Info:    Try loading font information for T1+LinuxBiolinumT-TLF on i
nput line 63.

(/usr/local/texlive/2018/texmf-dist/tex/latex/libertine/T1LinuxBiolinumT-TLF.fd
File: T1LinuxBiolinumT-TLF.fd 2017/03/20 (autoinst) Font definitions for T1/Lin
uxBiolinumT-TLF.
)
LaTeX Font Info:    Font shape `T1/LinuxBiolinumT-TLF/m/n' will be
(Font)              scaled to size 10.0pt on input line 63.
Package microtype Info: Loading generic protrusion settings for font family
(microtype)             `LinuxBiolinumT-TLF' (encoding: T1).
(microtype)             For optimal results, create family-specific settings.
(microtype)             See the microtype manual for details.
LaTeX Font Info:    Font shape `OT1/LinuxLibertineT-TLF/m/n' will be
(Font)              scaled to size 10.0pt on input line 63.
Package microtype Info: Loading generic protrusion settings for font family
(microtype)             `LinuxLibertineT-TLF' (encoding: OT1).
(microtype)             For optimal results, create family-specific settings.
(microtype)             See the microtype manual for details.
LaTeX Font Info:    Font shape `OT1/LinuxLibertineT-TLF/m/n' will be
(Font)              scaled to size 7.3pt on input line 63.
 (/usr/local/texlive/2018/texmf-dist/tex/latex/microtype/mt-msa.cfg
File: mt-msa.cfg 2006/02/04 v1.1 microtype config. file: AMS symbols (a) (RS)
)
(/usr/local/texlive/2018/texmf-dist/tex/latex/microtype/mt-msb.cfg
File: mt-msb.cfg 2005/06/01 v1.0 microtype config. file: AMS symbols (b) (RS)
)
LaTeX Font Info:    Font shape `OT1/LinuxLibertineT-TLF/sb/n' will be
(Font)              scaled to size 10.0pt on input line 63.
LaTeX Font Info:    Font shape `OT1/LinuxLibertineT-TLF/sb/n' will be
(Font)              scaled to size 7.3pt on input line 63.
LaTeX Font Info:    Font shape `T1/LinuxLibertineT-TLF/m/it' will be
(Font)              scaled to size 8.0pt on input line 63.
LaTeX Font Info:    Font shape `T1/LinuxLibertineT-TLF/b/n' will be
(Font)              scaled to size 10.0pt on input line 65.
LaTeX Font Info:    Font shape `T1/LinuxLibertineT-TLF/b/n' will be
(Font)              scaled to size 12.0pt on input line 65.
LaTeX Font Info:    Font shape `T1/LinuxLibertineT-TLF/m/it' will be
(Font)              scaled to size 10.0pt on input line 77.
LaTeX Font Info:    Font shape `T1/LinuxLibertineT-TLF/b/it' will be
(Font)              scaled to size 10.0pt on input line 99.
LaTeX Font Info:    Try loading font information for T1+zi4 on input line 153.

(/usr/local/texlive/2018/texmf-dist/tex/latex/inconsolata/t1zi4.fd
File: t1zi4.fd 2018/01/14 T1/zi4 (Inconsolata)
)
LaTeX Font Info:    Font shape `T1/zi4/m/n' will be
(Font)              scaled to size 10.0pt on input line 153.
Package microtype Info: Loading generic protrusion settings for font family
(microtype)             `zi4' (encoding: T1).
(microtype)             For optimal results, create family-specific settings.
(microtype)             See the microtype manual for details.
Package microtype Info: Character `textendash ' is missing
(microtype)             in font `T1/zi4/m/n/10'.
(microtype)             Ignoring protrusion settings for this character.
Package microtype Info: Character `textemdash ' is missing
(microtype)             in font `T1/zi4/m/n/10'.
(microtype)             Ignoring protrusion settings for this character.

Underfull \vbox (badness 1430) has occurred while \output is active []

 [1.1{/usr/local/texlive/2018/texmf-var/fonts/map/pdftex/updmap/pdftex.map}

]
<fig/context.png, id=50, 1221.56375pt x 139.52126pt>
File: fig/context.png Graphic file (type png)
<use fig/context.png>
Package pdftex.def Info: fig/context.png  used on input line 158.
(pdftex.def)             Requested size: 240.94499pt x 27.51842pt.
<fig/frame1.png, id=52, 1221.56375pt x 194.7275pt>
File: fig/frame1.png Graphic file (type png)
<use fig/frame1.png>
Package pdftex.def Info: fig/frame1.png  used on input line 172.
(pdftex.def)             Requested size: 240.94499pt x 38.407pt.
<fig/frame2.png, id=53, 1220.56pt x 192.72pt>
File: fig/frame2.png Graphic file (type png)
<use fig/frame2.png>
Package pdftex.def Info: fig/frame2.png  used on input line 180.
(pdftex.def)             Requested size: 240.94499pt x 38.0434pt.

Overfull \hbox (17.48119pt too wide) in paragraph at lines 193--198
\T1/LinuxLibertineT-TLF/m/n/10 (-20) turn a dam-age score in terms of \T1/zi4/m
/n/10 attackScore \T1/LinuxLibertineT-TLF/m/n/10 (-20) and \T1/zi4/m/n/10 defen
seScore\T1/LinuxLibertineT-TLF/m/n/10 (-20) . 
 []

<fig/frame3.png, id=55, 1222.5675pt x 198.7425pt>
File: fig/frame3.png Graphic file (type png)
<use fig/frame3.png>
Package pdftex.def Info: fig/frame3.png  used on input line 200.
(pdftex.def)             Requested size: 240.94499pt x 39.16553pt.
<fig/frame4.png, id=56, 1220.56pt x 116.435pt>
File: fig/frame4.png Graphic file (type png)
<use fig/frame4.png>
Package pdftex.def Info: fig/frame4.png  used on input line 214.
(pdftex.def)             Requested size: 240.94499pt x 22.98454pt.
<fig/frame5.png, id=57, 1220.56pt x 116.435pt>
File: fig/frame5.png Graphic file (type png)
<use fig/frame5.png>
Package pdftex.def Info: fig/frame5.png  used on input line 222.
(pdftex.def)             Requested size: 240.94499pt x 22.98454pt.
<fig/frame6.png, id=58, 1221.56375pt x 118.4425pt>
File: fig/frame6.png Graphic file (type png)
<use fig/frame6.png>
Package pdftex.def Info: fig/frame6.png  used on input line 236.
(pdftex.def)             Requested size: 240.94499pt x 23.36095pt.

Underfull \vbox (badness 10000) has occurred while \output is active []

<fig/frame7.png, id=59, 1210.5225pt x 123.46124pt>
File: fig/frame7.png Graphic file (type png)
<use fig/frame7.png>
Package pdftex.def Info: fig/frame7.png  used on input line 245.
(pdftex.def)             Requested size: 240.94499pt x 24.57312pt.
<fig/frame8.png, id=60, 1209.51875pt x 194.7275pt>
File: fig/frame8.png Graphic file (type png)
<use fig/frame8.png>
Package pdftex.def Info: fig/frame8.png  used on input line 261.
(pdftex.def)             Requested size: 240.94499pt x 38.7903pt.
<fig/frame9.png, id=61, 1210.5225pt x 195.73125pt>
File: fig/frame9.png Graphic file (type png)
<use fig/frame9.png>
Package pdftex.def Info: fig/frame9.png  used on input line 267.
(pdftex.def)             Requested size: 240.94499pt x 38.9574pt.
<fig/frame10.png, id=62, 1209.51875pt x 196.735pt>
File: fig/frame10.png Graphic file (type png)
<use fig/frame10.png>
Package pdftex.def Info: fig/frame10.png  used on input line 280.
(pdftex.def)             Requested size: 240.94499pt x 39.19019pt.
<fig/frame11.png, id=63, 1211.52625pt x 226.8475pt>
File: fig/frame11.png Graphic file (type png)
<use fig/frame11.png>
Package pdftex.def Info: fig/frame11.png  used on input line 287.
(pdftex.def)             Requested size: 240.94499pt x 45.11255pt.
<fig/frame12.png, id=64, 1210.5225pt x 224.84pt>
File: fig/frame12.png Graphic file (type png)
<use fig/frame12.png>
Package pdftex.def Info: fig/frame12.png  used on input line 295.
(pdftex.def)             Requested size: 240.94499pt x 44.75105pt.
<fig/frame13.png, id=65, 1210.5225pt x 198.7425pt>
File: fig/frame13.png Graphic file (type png)
<use fig/frame13.png>
Package pdftex.def Info: fig/frame13.png  used on input line 301.
(pdftex.def)             Requested size: 240.94499pt x 39.55673pt.
 [2.2 <./fig/context.png> <./fig/frame1.png> <./fig/frame2.png> <./fig/frame3.p
ng> <./fig/frame4.png> <./fig/frame5.png> <./fig/frame6.png> <./fig/frame7.png>
 <./fig/frame8.png> <./fig/frame9.png> <./fig/frame10.png> <./fig/frame11.png> 
<./fig/frame12.png> <./fig/frame13.png>] (./main.bbl
LaTeX Font Info:    Font shape `T1/LinuxBiolinumT-TLF/m/n' will be
(Font)              scaled to size 8.0pt on input line 56.
LaTeX Info: Redefining \tempurl on input line 71.
LaTeX Info: Redefining \tempurl on input line 91.
LaTeX Info: Redefining \tempurl on input line 108.
LaTeX Info: Redefining \tempurl on input line 127.
) [3.3

]
Package atveryend Info: Empty hook `BeforeClearDocument' on input line 310.
Package atveryend Info: Empty hook `AfterLastShipout' on input line 310.
 (./main.aux)
Package atveryend Info: Executing hook `AtVeryEndDocument' on input line 310.
Package atveryend Info: Executing hook `AtEndAfterFileList' on input line 310.
Package rerunfilecheck Info: File `main.out' has not changed.
(rerunfilecheck)             Checksum: 7D4C6A17ADB1A79E43E0B0F0DCBAA4BD;502.


LaTeX Font Warning: Size substitutions with differences
(Font)              up to 0.5pt have occurred.

 ) 
Here is how much of TeX's memory you used:
 38195 strings out of 492649
 695099 string characters out of 6129622
 772501 words of memory out of 5000000
 41033 multiletter control sequences out of 15000+600000
 656538 words of font info for 258 fonts, out of 8000000 for 9000
 1302 hyphenation exceptions out of 8191
 62i,12n,94p,10416b,500s stack positions out of 5000i,500n,10000p,200000b,80000s
{/usr/local/texlive/2018/texmf-dist/fonts/enc/dvips/inconsolata/i4-t1-4.enc}{
/usr/local/texlive/2018/texmf-dist/fonts/enc/dvips/libertine/lbtn_ki75ao.enc}{/
usr/local/texlive/2018/texmf-dist/fonts/enc/dvips/libertine/lbtn_7grukw.enc}{/u
sr/local/texlive/2018/texmf-dist/fonts/enc/dvips/libertine/lbtn_25tcsq.enc}{/us
r/local/texlive/2018/texmf-dist/fonts/enc/dvips/libertine/lbtn_76gpa5.enc}{/usr
/local/texlive/2018/texmf-dist/fonts/enc/dvips/libertine/lbtn_nh77jq.enc}</usr/
local/texlive/2018/texmf-dist/fonts/type1/public/inconsolata/Inconsolata-zi4r.p
fb></usr/local/texlive/2018/texmf-dist/fonts/type1/public/libertine/LinBiolinum
T.pfb></usr/local/texlive/2018/texmf-dist/fonts/type1/public/libertine/LinLiber
tineT.pfb></usr/local/texlive/2018/texmf-dist/fonts/type1/public/libertine/LinL
ibertineTB.pfb></usr/local/texlive/2018/texmf-dist/fonts/type1/public/libertine
/LinLibertineTBI.pfb></usr/local/texlive/2018/texmf-dist/fonts/type1/public/lib
ertine/LinLibertineTI.pfb></usr/local/texlive/2018/texmf-dist/fonts/type1/publi
c/txfonts/rtxmi.pfb></usr/local/texlive/2018/texmf-dist/fonts/type1/public/newt
x/txsys.pfb>
Output written on main.pdf (3 pages, 799016 bytes).
PDF statistics:
 145 PDF objects out of 1000 (max. 8388607)
 92 compressed objects within 1 object stream
 18 named destinations out of 1000 (max. 500000)
 36479 words of extra memory for PDF output out of 42996 (max. 10000000)

